The system is: Windows - 10.0.18363 - AMD64
Compiling the C compiler identification source file "CMakeCCompilerId.c" succeeded.
Compiler: C:/Program Files (x86)/Microsoft Visual Studio/2019/Community/VC/Tools/MSVC/14.27.29110/bin/Hostx86/x86/cl.exe 
Build flags: 
Id flags:  

The output was:
0
Оптимизирующий компилятор Microsoft (R) C/C++ версии 19.27.29112 для x86
(C) Корпорация Майкрософт (Microsoft Corporation).  Все права защищены.

CMakeCCompilerId.c
Microsoft (R) Incremental Linker Version 14.27.29112.0
Copyright (C) Microsoft Corporation.  All rights reserved.

/out:CMakeCCompilerId.exe 
CMakeCCompilerId.obj 


Compilation of the C compiler identification source "CMakeCCompilerId.c" produced "CMakeCCompilerId.exe"

Compilation of the C compiler identification source "CMakeCCompilerId.c" produced "CMakeCCompilerId.obj"

The C compiler identification is MSVC, found in "C:/Users/korna/CLionProjects/Laba1/cmake-build-debug/CMakeFiles/3.17.5/CompilerIdC/CMakeCCompilerId.exe"

Determining if the C compiler works passed with the following output:
Change Dir: C:/Users/korna/CLionProjects/Laba1/cmake-build-debug/CMakeFiles/CMakeTmp

Run Build Command(s):nmake /nologo cmTC_e3bb7\fast && 	"C:\Program Files (x86)\Microsoft Visual Studio\2019\Community\VC\Tools\MSVC\14.27.29110\bin\HostX86\x86\nmake.exe"  -f CMakeFiles\cmTC_e3bb7.dir\build.make /nologo -L                  CMakeFiles\cmTC_e3bb7.dir\build
Building C object CMakeFiles/cmTC_e3bb7.dir/testCCompiler.c.obj
	C:\PROGRA~2\MICROS~2\2019\COMMUN~1\VC\Tools\MSVC\1427~1.291\bin\Hostx86\x86\cl.exe @C:\Users\korna\AppData\Local\Temp\nm8915.tmp
testCCompiler.c
Linking C executable cmTC_e3bb7.exe
	C:\Users\korna\AppData\Local\JetBrains\Toolbox\apps\CLion\ch-0\203.7148.70\bin\cmake\win\bin\cmake.exe -E vs_link_exe --intdir=CMakeFiles\cmTC_e3bb7.dir --rc="E:\Windows Kits\10\bin\10.0.18362.0\x86\rc.exe" --mt="E:\Windows Kits\10\bin\10.0.18362.0\x86\mt.exe" --manifests  -- C:\PROGRA~2\MICROS~2\2019\COMMUN~1\VC\Tools\MSVC\1427~1.291\bin\Hostx86\x86\link.exe /nologo @CMakeFiles\cmTC_e3bb7.dir\objects1.rsp @C:\Users\korna\AppData\Local\Temp\nm89D2.tmp



Detecting C compiler ABI info compiled with the following output:
Change Dir: C:/Users/korna/CLionProjects/Laba1/cmake-build-debug/CMakeFiles/CMakeTmp

Run Build Command(s):nmake /nologo cmTC_845cd\fast && 	"C:\Program Files (x86)\Microsoft Visual Studio\2019\Community\VC\Tools\MSVC\14.27.29110\bin\HostX86\x86\nmake.exe"  -f CMakeFiles\cmTC_845cd.dir\build.make /nologo -L                  CMakeFiles\cmTC_845cd.dir\build
Building C object CMakeFiles/cmTC_845cd.dir/CMakeCCompilerABI.c.obj
	C:\PROGRA~2\MICROS~2\2019\COMMUN~1\VC\Tools\MSVC\1427~1.291\bin\Hostx86\x86\cl.exe @C:\Users\korna\AppData\Local\Temp\nm8DC8.tmp
CMakeCCompilerABI.c
Linking C executable cmTC_845cd.exe
	C:\Users\korna\AppData\Local\JetBrains\Toolbox\apps\CLion\ch-0\203.7148.70\bin\cmake\win\bin\cmake.exe -E vs_link_exe --intdir=CMakeFiles\cmTC_845cd.dir --rc="E:\Windows Kits\10\bin\10.0.18362.0\x86\rc.exe" --mt="E:\Windows Kits\10\bin\10.0.18362.0\x86\mt.exe" --manifests  -- C:\PROGRA~2\MICROS~2\2019\COMMUN~1\VC\Tools\MSVC\1427~1.291\bin\Hostx86\x86\link.exe /nologo @CMakeFiles\cmTC_845cd.dir\objects1.rsp @C:\Users\korna\AppData\Local\Temp\nm8E85.tmp



